<?xml version="1.0" encoding="UTF-8"?>
<!-- Generated by org.testng.reporters.JUnitReportReporter -->
<testsuite hostname="thinkcube-lap" name="Dashboard.ClickDashboard" tests="1" failures="0" timestamp="8 Sep 2017 09:51:01 GMT" time="23.225" errors="0">
  <testcase name="test" time="23.225" classname="Dashboard.ClickDashboard"/>
</testsuite> <!-- Dashboard.ClickDashboard -->
