<?xml version="1.0" encoding="UTF-8"?>
<!-- Generated by org.testng.reporters.JUnitReportReporter -->
<testsuite hostname="thinkcube-lap" name="admin_dashboard.View_NotificationsandNotices" tests="1" failures="0" timestamp="30 Aug 2017 05:38:36 GMT" time="32.411" errors="0">
  <testcase name="test1" time="32.411" classname="admin_dashboard.View_NotificationsandNotices"/>
</testsuite> <!-- admin_dashboard.View_NotificationsandNotices -->
